<?xml version="1.0" encoding="UTF-8"?>
<testsuite name="com.bridgelabz.InvoiceServiceTest" tests="2" skipped="0" failures="0" errors="0" timestamp="2021-08-13T09:48:31" hostname="VARUN" time="0.096">
  <properties/>
  <testcase name="givenDistanceAndTime_ShouldReturnTotalFare()" classname="com.bridgelabz.InvoiceServiceTest" time="0.085"/>
  <testcase name="givenLessDistanceOrTime_ShouldReturnMinFare()" classname="com.bridgelabz.InvoiceServiceTest" time="0.007"/>
  <system-out><![CDATA[]]></system-out>
  <system-err><![CDATA[]]></system-err>
</testsuite>
